#
# There is insufficient memory for the Java Runtime Environment to continue.
# Native memory allocation (malloc) failed to allocate 1048576 bytes for AllocateHeap
# Possible reasons:
#   The system is out of physical RAM or swap space
#   The process is running with CompressedOops enabled, and the Java Heap may be blocking the growth of the native heap
# Possible solutions:
#   Reduce memory load on the system
#   Increase physical memory or swap space
#   Check if swap backing store is full
#   Decrease Java heap size (-Xmx/-Xms)
#   Decrease number of Java threads
#   Decrease Java thread stack sizes (-Xss)
#   Set larger code cache with -XX:ReservedCodeCacheSize=
#   JVM is running with Unscaled Compressed Oops mode in which the Java heap is
#     placed in the first 4GB address space. The Java Heap base address is the
#     maximum limit for the native heap growth. Please use -XX:HeapBaseMinAddress
#     to set the Java Heap base and to place the Java Heap above 4GB virtual address.
# This output file may be truncated or incomplete.
#
#  Out of Memory Error (memory/allocation.inline.hpp:61), pid=17892, tid=0x0000000000001834
#
# JRE version:  (8.0_371) (build )
# Java VM: Java HotSpot(TM) 64-Bit Server VM (25.371-b11 mixed mode windows-amd64 compressed oops)
# Failed to write core dump. Minidumps are not enabled by default on client versions of Windows
#

---------------  T H R E A D  ---------------

Current thread (0x000002bf9e7f2800):  JavaThread "Unknown thread" [_thread_in_vm, id=6196, stack(0x000000c92bd00000,0x000000c92be00000)]

Stack: [0x000000c92bd00000,0x000000c92be00000]
Native frames: (J=compiled Java code, j=interpreted, Vv=VM code, C=native code)
V  [jvm.dll+0x34d9f9]
V  [jvm.dll+0x28aa12]
V  [jvm.dll+0x28b5dd]
V  [jvm.dll+0x281da5]
V  [jvm.dll+0x500d]
V  [jvm.dll+0x3eb57c]
V  [jvm.dll+0x3e7737]
V  [jvm.dll+0x103bdf]
V  [jvm.dll+0x2181fb]
V  [jvm.dll+0x24900a]
V  [jvm.dll+0x16a6e6]
C  [java.exe+0x2412]
C  [java.exe+0x165e0]
C  [KERNEL32.DLL+0x17034]
C  [ntdll.dll+0x52651]


---------------  P R O C E S S  ---------------

Java Threads: ( => current thread )

Other Threads:

=>0x000002bf9e7f2800 (exited) JavaThread "Unknown thread" [_thread_in_vm, id=6196, stack(0x000000c92bd00000,0x000000c92be00000)]

VM state:not at safepoint (normal execution)

VM Mutex/Monitor currently owned by a thread: None

heap address: 0x00000000a1c00000, size: 1508 MB, Compressed Oops mode: 32-bit
Narrow klass base: 0x0000000000000000, Narrow klass shift: 3
Compressed class space size: 1073741824 Address: 0x0000000100000000

Heap:
 PSYoungGen      total 28672K, used 491K [0x00000000e0980000, 0x00000000e2980000, 0x0000000100000000)
  eden space 24576K, 2% used [0x00000000e0980000,0x00000000e09fae20,0x00000000e2180000)
  from space 4096K, 0% used [0x00000000e2580000,0x00000000e2580000,0x00000000e2980000)
  to   space 4096K, 0% used [0x00000000e2180000,0x00000000e2180000,0x00000000e2580000)
 ParOldGen       total 65536K, used 0K [0x00000000a1c00000, 0x00000000a5c00000, 0x00000000e0980000)
  object space 65536K, 0% used [0x00000000a1c00000,0x00000000a1c00000,0x00000000a5c00000)
 Metaspace       used 775K, capacity 4480K, committed 4480K, reserved 1056768K
  class space    used 76K, capacity 384K, committed 384K, reserved 1048576K

Card table byte_map: [0x000002bfaf460000,0x000002bfaf760000] byte_map_base: 0x000002bfaef52000

Marking Bits: (ParMarkBitMap*) 0x000000005483d980
 Begin Bits: [0x000002bfaf960000, 0x000002bfb10f0000)
 End Bits:   [0x000002bfb10f0000, 0x000002bfb2880000)

Polling page: 0x000002bf9e730000

CodeCache: size=245760Kb used=328Kb max_used=328Kb free=245431Kb
 bounds [0x000002bfa00a0000, 0x000002bfa0310000, 0x000002bfaf0a0000]
 total_blobs=57 nmethods=0 adapters=38
 compilation: enabled

Compilation events (0 events):
No events

GC Heap History (0 events):
No events

Deoptimization events (0 events):
No events

Classes redefined (0 events):
No events

Internal exceptions (0 events):
No events

Events (10 events):
Event: 0.041 loading class java/lang/Short
Event: 0.041 loading class java/lang/Short done
Event: 0.041 loading class java/lang/Integer
Event: 0.041 loading class java/lang/Integer done
Event: 0.041 loading class java/lang/Long
Event: 0.042 loading class java/lang/Long done
Event: 0.042 loading class java/lang/NullPointerException
Event: 0.042 loading class java/lang/NullPointerException done
Event: 0.042 loading class java/lang/ArithmeticException
Event: 0.042 loading class java/lang/ArithmeticException done


Dynamic libraries:
0x00007ff781560000 - 0x00007ff7815aa000 	C:\Program Files\Java\jdk-1.8\bin\java.exe
0x00007ffed52f0000 - 0x00007ffed54e5000 	C:\Windows\SYSTEM32\ntdll.dll
0x00007ffed3ee0000 - 0x00007ffed3f9e000 	C:\Windows\System32\KERNEL32.DLL
0x00007ffed2c20000 - 0x00007ffed2ee9000 	C:\Windows\System32\KERNELBASE.dll
0x00007ffed43d0000 - 0x00007ffed447c000 	C:\Windows\System32\ADVAPI32.dll
0x00007ffed49a0000 - 0x00007ffed4a3e000 	C:\Windows\System32\msvcrt.dll
0x00007ffed4330000 - 0x00007ffed43cb000 	C:\Windows\System32\sechost.dll
0x00007ffed5180000 - 0x00007ffed52aa000 	C:\Windows\System32\RPCRT4.dll
0x00007ffed4560000 - 0x00007ffed4701000 	C:\Windows\System32\USER32.dll
0x00007ffed3310000 - 0x00007ffed3332000 	C:\Windows\System32\win32u.dll
0x00007ffed3340000 - 0x00007ffed336b000 	C:\Windows\System32\GDI32.dll
0x00007ffed2ab0000 - 0x00007ffed2bbb000 	C:\Windows\System32\gdi32full.dll
0x00007ffed2a10000 - 0x00007ffed2aad000 	C:\Windows\System32\msvcp_win.dll
0x00007ffed2fd0000 - 0x00007ffed30d0000 	C:\Windows\System32\ucrtbase.dll
0x00007ffec0930000 - 0x00007ffec0bca000 	C:\Windows\WinSxS\amd64_microsoft.windows.common-controls_6595b64144ccf1df_6.0.19041.1110_none_60b5254171f9507e\COMCTL32.dll
0x00007ffed4710000 - 0x00007ffed4740000 	C:\Windows\System32\IMM32.DLL
0x00007ffeaf1e0000 - 0x00007ffeaf1fb000 	C:\Program Files\Java\jdk-1.8\jre\bin\vcruntime140.dll
0x00007ffebed00000 - 0x00007ffebed0c000 	C:\Program Files\Java\jdk-1.8\jre\bin\vcruntime140_1.dll
0x00007ffe719a0000 - 0x00007ffe71a2e000 	C:\Program Files\Java\jdk-1.8\jre\bin\msvcp140.dll
0x0000000054010000 - 0x00000000548b7000 	C:\Program Files\Java\jdk-1.8\jre\bin\server\jvm.dll
0x00007ffed3ed0000 - 0x00007ffed3ed8000 	C:\Windows\System32\PSAPI.DLL
0x00007ffec9b50000 - 0x00007ffec9b5a000 	C:\Windows\SYSTEM32\VERSION.dll
0x00007ffeadba0000 - 0x00007ffeadba9000 	C:\Windows\SYSTEM32\WSOCK32.dll
0x00007ffed3fc0000 - 0x00007ffed402b000 	C:\Windows\System32\WS2_32.dll
0x00007ffec9b60000 - 0x00007ffec9b87000 	C:\Windows\SYSTEM32\WINMM.dll
0x00007ffed08d0000 - 0x00007ffed08e2000 	C:\Windows\SYSTEM32\kernel.appcore.dll
0x00007ffebf7e0000 - 0x00007ffebf7f0000 	C:\Program Files\Java\jdk-1.8\jre\bin\verify.dll
0x00007ffe99e00000 - 0x00007ffe99e2b000 	C:\Program Files\Java\jdk-1.8\jre\bin\java.dll
0x00007ffeaa0f0000 - 0x00007ffeaa108000 	C:\Program Files\Java\jdk-1.8\jre\bin\zip.dll
0x00007ffec6110000 - 0x00007ffec62f4000 	C:\Windows\SYSTEM32\dbghelp.dll
0x00007ffed2ef0000 - 0x00007ffed2f73000 	C:\Windows\System32\bcryptPrimitives.dll

VM Arguments:
jvm_args: -Dfile.encoding=UTF-8 
java_command: electricity_billing_system.Signup
java_class_path (initial): D:\C0315\Placement_project\Electricity_Billing_System\build\classes
Launcher Type: SUN_STANDARD

Environment Variables:
JAVA_HOME=C:\Program Files\Java\jdk-1.8
PATH=C:\Program Files (x86)\Common Files\Oracle\Java\javapath;C:\Program Files\Python311\Scripts\;C:\Program Files\Python311\;C:\Windows\system32;C:\Windows;C:\Windows\System32\Wbem;C:\Windows\System32\WindowsPowerShell\v1.0\;C:\Windows\System32\OpenSSH\;C:\Program Files (x86)\Microsoft SQL Server\100\Tools\Binn\;C:\Program Files\Microsoft SQL Server\100\Tools\Binn\;C:\Program Files\Microsoft SQL Server\100\DTS\Binn\;C:\Program Files\Microsoft SQL Server\150\Tools\Binn\;C:\Program Files\Java\jdk-1.8\bin;C:\Program Files\Java\jdk-1.8\BIN;C:\Program Files\MySQL\MySQL Server 8.0\bin;C:\Program Files\MySQL\MySQL Shell 8.0\bin\;C:\Users\Biswajit\AppData\Local\Microsoft\WindowsApps;;C:\Program Files\JetBrains\IntelliJ IDEA Community Edition 2023.2\bin;;C:\Users\Biswajit\AppData\Local\Programs\Microsoft VS Code\bin
USERNAME=Biswajit
OS=Windows_NT
PROCESSOR_IDENTIFIER=AMD64 Family 23 Model 24 Stepping 1, AuthenticAMD



---------------  S Y S T E M  ---------------

OS: Windows 10 , 64 bit Build 19041 (10.0.19041.1202)

CPU:total 4 (initial active 4) (4 cores per cpu, 1 threads per core) family 23 model 24 stepping 1, cmov, cx8, fxsr, mmx, sse, sse2, sse3, ssse3, sse4.1, sse4.2, popcnt, avx, avx2, aes, clmul, mmxext, 3dnowpref, lzcnt, sse4a, tsc, tscinvbit, tscinv, bmi1

Memory: 4k page, physical 6174988k(1263840k free), swap 18894772k(4620k free)

vm_info: Java HotSpot(TM) 64-Bit Server VM (25.371-b11) for windows-amd64 JRE (1.8.0_371-b11), built on Mar 17 2023 04:03:45 by "java_re" with MS VC++ 17.1 (VS2022)

time: Sat Dec  9 16:19:31 2023
timezone: India Standard Time
elapsed time: 0.077842 seconds (0d 0h 0m 0s)

